2025-12-05 00:03:28,034 [INFO] MainUpdater:2872 - connection check result : 10
2025-12-05 00:03:28,159 [INFO] McuFinderGlobals:76 - Set McuFinderConnectedMode to true
2025-12-05 00:03:28,161 [INFO] MultiScanPanel:200 - Auto-refresh data requested => check proxy status ongoing
2025-12-05 00:03:28,162 [INFO] FinderPluginLoader:95 - Searching for filters in installed packs
2025-12-05 00:03:29,792 [INFO] LoadUrlFilesThread:185 - End of LoadServerUrlFiles without Thread
2025-12-05 00:03:29,793 [INFO] DetailPanel:341 - Set advertising image to C:/Users/12486/STM32Cube/Repository/\en.mcu-finder-preevent.jpg
2025-12-05 00:03:33,353 [INFO] MultiScanPanel:200 - Auto-refresh data requested => check proxy status ongoing
2025-12-05 00:03:33,422 [INFO] LoadUrlFilesThread:185 - End of LoadServerUrlFiles without Thread
2025-12-05 00:03:33,422 [INFO] DetailPanel:341 - Set advertising image to C:/Users/12486/STM32Cube/Repository/\en.mcu-finder-preevent.jpg
2025-12-05 00:04:00,293 [INFO] WebApp:190 - Connection lost
2025-12-05 00:04:21,055 [INFO] MainUpdater:2872 - connection check result : 10
2025-12-05 00:04:21,055 [INFO] MainUpdater:2872 - connection check result : 10
2025-12-05 00:04:21,243 [INFO] I2sManager:658 - 9.6E7
2025-12-05 00:04:21,243 [INFO] I2sManager:195 - I2S Clock Value : 9.6E7
2025-12-05 00:04:21,243 [INFO] I2sManager:553 - AudioClock : 93750Divider : 2Odd : 0
2025-12-05 00:04:21,249 [INFO] MicroXplorer:468 - Change Database Path : 
2025-12-05 00:04:21,250 [INFO] MicroXplorer:498 - Change Database Version : DB.6.0.130
2025-12-05 00:04:21,296 [ERROR] ProjectManagerView:394 - 
java.lang.NullPointerException: Cannot invoke "javax.swing.JTextField.getText()" because the return value of "java.util.List.get(int)" is null
	at com.st.microxplorer.plugins.projectmanager.gui.ProjectChoiceTab$9.caretUpdate(ProjectChoiceTab.java:2616) ~[filemanager.jar:?]
	at javax.swing.text.JTextComponent.fireCaretUpdate(JTextComponent.java:408) ~[?:?]
	at javax.swing.text.JTextComponent$MutableCaretEvent.fire(JTextComponent.java:4484) ~[?:?]
	at javax.swing.text.JTextComponent$MutableCaretEvent.stateChanged(JTextComponent.java:4506) ~[?:?]
	at javax.swing.text.DefaultCaret.fireStateChanged(DefaultCaret.java:857) ~[?:?]
	at javax.swing.text.DefaultCaret.changeCaretPosition(DefaultCaret.java:1343) ~[?:?]
	at javax.swing.text.DefaultCaret.handleSetDot(DefaultCaret.java:1242) ~[?:?]
	at javax.swing.text.DefaultCaret.setDot(DefaultCaret.java:1223) ~[?:?]
	at javax.swing.text.DefaultCaret$Handler.insertUpdate(DefaultCaret.java:1819) ~[?:?]
	at javax.swing.text.AbstractDocument.fireInsertUpdate(AbstractDocument.java:227) ~[?:?]
	at javax.swing.text.AbstractDocument.handleInsertString(AbstractDocument.java:781) ~[?:?]
	at javax.swing.text.AbstractDocument.insertString(AbstractDocument.java:740) ~[?:?]
	at javax.swing.text.PlainDocument.insertString(PlainDocument.java:131) ~[?:?]
	at javax.swing.text.AbstractDocument.replace(AbstractDocument.java:699) ~[?:?]
	at javax.swing.text.JTextComponent.setText(JTextComponent.java:1725) ~[?:?]
	at com.st.microxplorer.plugins.projectmanager.gui.ProjectChoiceTab.createHeapStackFields(ProjectChoiceTab.java:975) ~[filemanager.jar:?]
	at com.st.microxplorer.plugins.projectmanager.gui.ProjectChoiceTab.buildLinkSettingsPanel(ProjectChoiceTab.java:3666) ~[filemanager.jar:?]
	at com.st.microxplorer.plugins.projectmanager.gui.ProjectChoiceTab.defineWindowsFields(ProjectChoiceTab.java:1934) ~[filemanager.jar:?]
	at com.st.microxplorer.plugins.projectmanager.gui.ProjectChoiceTab.updateSettings(ProjectChoiceTab.java:553) ~[filemanager.jar:?]
	at com.st.microxplorer.plugins.projectmanager.gui.ProjectSettingsPanel.UpdateDialog(ProjectSettingsPanel.java:245) ~[filemanager.jar:?]
	at com.st.microxplorer.plugins.projectmanager.ProjectManagerView.propertyChange(ProjectManagerView.java:391) ~[filemanager.jar:?]
	at java.beans.PropertyChangeSupport.fire(PropertyChangeSupport.java:343) ~[?:?]
	at java.beans.PropertyChangeSupport.firePropertyChange(PropertyChangeSupport.java:335) ~[?:?]
	at java.beans.PropertyChangeSupport.firePropertyChange(PropertyChangeSupport.java:268) ~[?:?]
	at com.st.microxplorer.util.MXPropertyChangeSupport.firePropertyChange(MXPropertyChangeSupport.java:54) ~[STM32CubeMX.jar:?]
	at com.st.microxplorer.mxsystem.MxSystem.closeConfig(MxSystem.java:899) ~[STM32CubeMX.jar:?]
	at com.st.microxplorer.maingui.MainPanel.closeConfig(MainPanel.java:789) ~[STM32CubeMX.jar:?]
	at com.st.microxplorer.plugins.filemanager.engine.OpenFileManager.loadConfigurationFile(OpenFileManager.java:265) ~[filemanager.jar:?]
	at com.st.microxplorer.plugins.filemanager.engine.MainFileManager.userLoadConfig(MainFileManager.java:340) ~[filemanager.jar:?]
	at com.st.microxplorer.plugins.filemanager.FileManagerView.getSpecificTask(FileManagerView.java:250) ~[filemanager.jar:?]
	at com.st.stm32cube.common.mx.editor.CubeMxEditor.getMxTabbedPaneInstance(CubeMxEditor.java:1191) ~[com.st.stm32cube.common.mx_6.13.0.202411220809/:?]
	at com.st.stm32cube.common.mx.editor.CubeMxEditor$12$1.createSwingComponent(CubeMxEditor.java:1068) ~[com.st.stm32cube.common.mx_6.13.0.202411220809/:?]
	at com.st.stm32cube.common.mx.oss.core.awtswtbridge.EmbeddedSwingComposite.doComponentCreation(EmbeddedSwingComposite.java:492) ~[com.st.stm32cube.common.mx.oss_6.13.0.202411220809/:?]
	at com.st.stm32cube.common.mx.oss.core.awtswtbridge.EmbeddedSwingComposite$4.run(EmbeddedSwingComposite.java:291) ~[com.st.stm32cube.common.mx.oss_6.13.0.202411220809/:?]
	at com.st.stm32cube.common.mx.oss.core.awtswtbridge.AwtEnvironment$2.run(AwtEnvironment.java:166) ~[com.st.stm32cube.common.mx.oss_6.13.0.202411220809/:?]
	at java.awt.event.InvocationEvent.dispatch(InvocationEvent.java:318) ~[?:?]
	at java.awt.EventQueue.dispatchEventImpl(EventQueue.java:773) ~[?:?]
	at java.awt.EventQueue$4.run(EventQueue.java:720) ~[?:?]
	at java.awt.EventQueue$4.run(EventQueue.java:714) ~[?:?]
	at java.security.AccessController.doPrivileged(AccessController.java:400) ~[?:?]
	at java.security.ProtectionDomain$JavaSecurityAccessImpl.doIntersectionPrivilege(ProtectionDomain.java:87) ~[?:?]
	at java.awt.EventQueue.dispatchEvent(EventQueue.java:742) ~[?:?]
	at java.awt.EventDispatchThread.pumpOneEventForFilters(EventDispatchThread.java:203) ~[?:?]
	at java.awt.EventDispatchThread.pumpEventsForFilter(EventDispatchThread.java:124) ~[?:?]
	at java.awt.EventDispatchThread.pumpEventsForHierarchy(EventDispatchThread.java:113) ~[?:?]
	at java.awt.EventDispatchThread.pumpEvents(EventDispatchThread.java:109) ~[?:?]
	at java.awt.EventDispatchThread.pumpEvents(EventDispatchThread.java:101) ~[?:?]
	at java.awt.EventDispatchThread.run(EventDispatchThread.java:90) ~[?:?]
2025-12-05 00:04:21,297 [WARN] ThirdParty:871 - waiting for thirdparty lock release [close project]
2025-12-05 00:04:21,298 [INFO] ThirdParty:873 - entering critical section [close project]
2025-12-05 00:04:21,298 [INFO] ThirdParty:883 - exiting critical section [close project]
2025-12-05 00:04:21,302 [INFO] PinOutPanel:1589 - setPackage(No Configuration,No Configuration)
2025-12-05 00:04:21,313 [WARN] IpParametersView:154 - Warning: This peripheral hasn't parameters
2025-12-05 00:04:21,324 [WARN] MainPanel:289 - <html><b><center>Warning: This peripheral has no parameters to be configured<br></b></html>
2025-12-05 00:04:21,324 [ERROR] MainPanel:599 - java.lang.IndexOutOfBoundsException: Index: 0, Tab count: 0
2025-12-05 00:04:21,328 [INFO] UtilMem:75 - Begin LoadConfig() Used Memory: 989643688 Bytes (1073741824)
2025-12-05 00:04:21,330 [INFO] OpenFileManager:332 - Change cursor
2025-12-05 00:04:21,389 [INFO] RulesReader:64 - Compatibility file has been processed (297 Rules)
2025-12-05 00:04:21,420 [INFO] ProjectFactory:442 - No CPN specified for board STM32F407G-DISC1 => set CPN to STM32F407VGT6
2025-12-05 00:04:21,420 [INFO] Mcu:2035 - Initializing MCU STM32F407V(E-G)Tx STM32F407VGTx STM32F407VGT6
2025-12-05 00:04:23,938 [INFO] Context:748 - Trying to add GPIOservice into a context  which must be forbidden
2025-12-05 00:04:24,682 [INFO] Rule:228 - rule 117617 - U5Cobra4M][GTZC] default value MPCBB3 and MPCBB5 - Not Secured memory - MPCBB1 is applicable
2025-12-05 00:04:24,682 [INFO] Rule:228 - rule 117617 - U5Cobra4M][GTZC] default value MPCBB3 and MPCBB5 - Not Secured memory - MPCBB1 is applicable
2025-12-05 00:04:24,682 [INFO] Rule:228 - rule 117617 - U5Cobra4M][GTZC] default value MPCBB3 and MPCBB5 - Not Secured memory - MPCBB2 is applicable
2025-12-05 00:04:24,682 [INFO] Rule:228 - rule 117617 - U5Cobra4M][GTZC] default value MPCBB3 and MPCBB5 - Not Secured memory - MPCBB2 is applicable
2025-12-05 00:04:24,682 [INFO] Rule:228 - rule 117617 - U5Cobra4M][GTZC] default value MPCBB3 and MPCBB5 - Not Secured memory - MPCBB3 is applicable
2025-12-05 00:04:24,682 [INFO] Rule:228 - rule 117617 - U5Cobra4M][GTZC] default value MPCBB3 and MPCBB5 - Not Secured memory - MPCBB3 is applicable
2025-12-05 00:04:24,682 [INFO] Rule:228 - rule 117617 - U5Cobra4M][GTZC] default value MPCBB3 and MPCBB5 - Not Secured memory - MPCBB4 is applicable
2025-12-05 00:04:24,682 [INFO] Rule:228 - rule 117617 - U5Cobra4M][GTZC] default value MPCBB3 and MPCBB5 - Not Secured memory - MPCBB4 is applicable
2025-12-05 00:04:24,682 [INFO] Rule:228 - rule 117617 - U5Cobra4M][GTZC] default value MPCBB3 and MPCBB5 - Secured memory - MPCBB1 is applicable
2025-12-05 00:04:24,683 [INFO] Rule:228 - rule 117617 - U5Cobra4M][GTZC] default value MPCBB3 and MPCBB5 - Secured memory - MPCBB2 is applicable
2025-12-05 00:04:24,683 [INFO] Rule:228 - rule 117617 - U5Cobra4M][GTZC] default value MPCBB3 and MPCBB5 - Secured memory - MPCBB3 is applicable
2025-12-05 00:04:24,683 [INFO] Rule:228 - rule 117617 - U5Cobra4M][GTZC] default value MPCBB3 and MPCBB5 - Secured memory - MPCBB4 is applicable
2025-12-05 00:04:24,683 [INFO] Rule:228 - rule 117617 - U5Cobra4M][GTZC] default value MPCBB3 and MPCBB5 - Privileged memory - MPCBB1 is applicable
2025-12-05 00:04:24,683 [INFO] Rule:228 - rule 117617 - U5Cobra4M][GTZC] default value MPCBB3 and MPCBB5 - Privileged memory - MPCBB2 is applicable
2025-12-05 00:04:24,683 [INFO] Rule:228 - rule 117617 - U5Cobra4M][GTZC] default value MPCBB3 and MPCBB5 - Privileged memory - MPCBB3 is applicable
2025-12-05 00:04:24,683 [INFO] Rule:228 - rule 117617 - U5Cobra4M][GTZC] default value MPCBB3 and MPCBB5 - Privileged memory - MPCBB4 is applicable
2025-12-05 00:04:24,683 [INFO] Rule:228 - rule 117617 - U5Cobra4M][GTZC] default value MPCBB3 and MPCBB5 - Not Privileged memory - MPCBB1 is applicable
2025-12-05 00:04:24,683 [INFO] Rule:228 - rule 117617 - U5Cobra4M][GTZC] default value MPCBB3 and MPCBB5 - Not Privileged memory - MPCBB2 is applicable
2025-12-05 00:04:24,683 [INFO] Rule:228 - rule 117617 - U5Cobra4M][GTZC] default value MPCBB3 and MPCBB5 - Not Privileged memory - MPCBB3 is applicable
2025-12-05 00:04:24,683 [INFO] Rule:228 - rule 117617 - U5Cobra4M][GTZC] default value MPCBB3 and MPCBB5 - Not Privileged memory - MPCBB4 is applicable
2025-12-05 00:04:24,683 [INFO] Rule:228 - rule 117617 - U5Cobra4M][GTZC] default value MPCBB3 and MPCBB5 - Privileged memory - MPCBB1 is applicable
2025-12-05 00:04:24,683 [INFO] Rule:228 - rule 117617 - U5Cobra4M][GTZC] default value MPCBB3 and MPCBB5 - Privileged memory - MPCBB2 is applicable
2025-12-05 00:04:24,683 [INFO] Rule:228 - rule 117617 - U5Cobra4M][GTZC] default value MPCBB3 and MPCBB5 - Privileged memory - MPCBB3 is applicable
2025-12-05 00:04:24,683 [INFO] Rule:228 - rule 117617 - U5Cobra4M][GTZC] default value MPCBB3 and MPCBB5 - Privileged memory - MPCBB4 is applicable
2025-12-05 00:04:24,683 [INFO] Rule:228 - rule 117617 - U5Cobra4M][GTZC] default value MPCBB3 and MPCBB5 - Privileged memory - MPCBB1 is applicable
2025-12-05 00:04:24,683 [INFO] Rule:228 - rule 117617 - U5Cobra4M][GTZC] default value MPCBB3 and MPCBB5 - Privileged memory - MPCBB2 is applicable
2025-12-05 00:04:24,683 [INFO] Rule:228 - rule 117617 - U5Cobra4M][GTZC] default value MPCBB3 and MPCBB5 - Privileged memory - MPCBB3 is applicable
2025-12-05 00:04:24,683 [INFO] Rule:228 - rule 117617 - U5Cobra4M][GTZC] default value MPCBB3 and MPCBB5 - Privileged memory - MPCBB4 is applicable
2025-12-05 00:04:24,683 [INFO] Rule:228 - rule 117617 - U5Cobra4M][GTZC] default value MPCBB3 and MPCBB5 - Not Privileged memory - MPCBB1 is applicable
2025-12-05 00:04:24,683 [INFO] Rule:228 - rule 117617 - U5Cobra4M][GTZC] default value MPCBB3 and MPCBB5 - Not Privileged memory - MPCBB2 is applicable
2025-12-05 00:04:24,683 [INFO] Rule:228 - rule 117617 - U5Cobra4M][GTZC] default value MPCBB3 and MPCBB5 - Not Privileged memory - MPCBB3 is applicable
2025-12-05 00:04:24,683 [INFO] Rule:228 - rule 117617 - U5Cobra4M][GTZC] default value MPCBB3 and MPCBB5 - Not Privileged memory - MPCBB4 is applicable
2025-12-05 00:04:24,683 [INFO] Rule:228 - rule 117617 - U5Cobra4M][GTZC] default value MPCBB3 and MPCBB5 - Privileged memory - MPCBB1 is applicable
2025-12-05 00:04:24,683 [INFO] Rule:228 - rule 117617 - U5Cobra4M][GTZC] default value MPCBB3 and MPCBB5 - Privileged memory - MPCBB2 is applicable
2025-12-05 00:04:24,683 [INFO] Rule:228 - rule 117617 - U5Cobra4M][GTZC] default value MPCBB3 and MPCBB5 - Privileged memory - MPCBB3 is applicable
2025-12-05 00:04:24,683 [INFO] Rule:228 - rule 117617 - U5Cobra4M][GTZC] default value MPCBB3 and MPCBB5 - Privileged memory - MPCBB4 is applicable
2025-12-05 00:04:24,683 [INFO] Rule:228 - rule Rename SubGHz_Phy SUBGHZ_APPLICATION SUBGHZ_PINGPONG to SUBGHZ_ADV_APPLICATION is applicable
2025-12-05 00:04:24,683 [INFO] Rule:228 - rule Rename Enabled to IBEACON is applicable
2025-12-05 00:04:24,683 [INFO] Rule:228 - rule GTZC_S instance for project manager is applicable
2025-12-05 00:04:24,683 [INFO] Rule:228 - rule GTZC_S instance for context M33S is applicable
2025-12-05 00:04:24,683 [INFO] Rule:228 - rule GTZC_S instance value for IP GTZC is applicable
2025-12-05 00:04:24,683 [INFO] Rule:228 - rule GTZC_S instance for mcu.IP is applicable
2025-12-05 00:04:24,683 [INFO] Rule:228 - rule GTZC_S instance for VP is applicable
2025-12-05 00:04:24,683 [INFO] Rule:228 - rule GTZC_S instance for signal is applicable
2025-12-05 00:04:24,683 [INFO] Rule:228 - rule GTZC_S instance for mcu.Pin is applicable
2025-12-05 00:04:24,683 [INFO] Rule:228 - rule GTZC_S instance for VP is applicable
2025-12-05 00:04:24,683 [INFO] Rule:228 - rule GTZC_S instance for signal is applicable
2025-12-05 00:04:24,684 [INFO] Rule:228 - rule GTZC_S instance for mcu is applicable
2025-12-05 00:04:24,684 [INFO] Rule:228 - rule GTZC_S instance for mcu.Pin is applicable
2025-12-05 00:04:24,684 [INFO] Rule:228 - rule GTZC_S instance value for IP GTZC is applicable
2025-12-05 00:04:24,684 [INFO] Rule:228 - rule GTZC_S instance for project manager is applicable
2025-12-05 00:04:24,684 [INFO] Rule:228 - rule GTZC_S instance for context M33S is applicable
2025-12-05 00:04:24,684 [INFO] Rule:228 - rule GTZC_S instance for VP is applicable
2025-12-05 00:04:24,684 [INFO] Rule:228 - rule GTZC_S instance for signal is applicable
2025-12-05 00:04:24,684 [INFO] Rule:228 - rule SPDIFRX instance for mcu is applicable
2025-12-05 00:04:24,684 [INFO] Rule:228 - rule Rename Tracer Mode is applicable
2025-12-05 00:04:24,684 [INFO] Rule:228 - rule SPDIFRX instance value for IP SPDIFRX is applicable
2025-12-05 00:04:24,684 [INFO] Rule:228 - rule SPDIFRX instance for signal is applicable
2025-12-05 00:04:24,684 [INFO] Rule:228 - rule SPDIFRX instance for project manager is applicable
2025-12-05 00:04:24,684 [INFO] Rule:228 - rule SPDIFRX instance for project manager is applicable
2025-12-05 00:04:24,684 [INFO] Rule:228 - rule ADC Scan  fix with FW F7 is applicable
2025-12-05 00:04:24,684 [INFO] Rule:228 - rule ADC Scan  fix with FW F7 is applicable
2025-12-05 00:04:24,684 [INFO] Rule:228 - rule WakeUp0 Mode is applicable
2025-12-05 00:04:24,684 [INFO] Rule:228 - rule WakeUp0 SIGNAL is applicable
2025-12-05 00:04:24,684 [INFO] Rule:228 - rule WakeUp1 Mode is applicable
2025-12-05 00:04:24,684 [INFO] Rule:228 - rule WakeUp1 SIGNAL is applicable
2025-12-05 00:04:24,684 [INFO] Rule:228 - rule WakeUp2 Mode is applicable
2025-12-05 00:04:24,684 [INFO] Rule:228 - rule WakeUp2 SIGNAL is applicable
2025-12-05 00:04:24,684 [INFO] Rule:228 - rule WakeUp4 Mode is applicable
2025-12-05 00:04:24,685 [INFO] Rule:228 - rule WakeUp4 SIGNAL is applicable
2025-12-05 00:04:24,685 [INFO] Rule:228 - rule WakeUp5 Mode is applicable
2025-12-05 00:04:24,685 [INFO] Rule:228 - rule WakeUp5 SIGNAL is applicable
2025-12-05 00:04:24,685 [INFO] Rule:228 - rule Add RTC Activate Clock Source is applicable
2025-12-05 00:04:24,685 [INFO] Rule:228 - rule Add RTC Activate Calendar 1 is applicable
2025-12-05 00:04:24,685 [INFO] Rule:228 - rule Add RTC Activate Calendar 2 is applicable
2025-12-05 00:04:24,685 [INFO] Rule:228 - rule Add RTC Activate Calendar 3 is applicable
2025-12-05 00:04:24,685 [INFO] Rule:228 - rule UART/USART TX Mode is applicable
2025-12-05 00:04:24,685 [INFO] Rule:228 - rule UART/USART RX Mode is applicable
2025-12-05 00:04:24,685 [INFO] Rule:228 - rule UART/USART RX TX Mode is applicable
2025-12-05 00:04:24,685 [INFO] Rule:228 - rule UART/USART PARITY NONE is applicable
2025-12-05 00:04:24,685 [INFO] Rule:228 - rule UART/USART PARITY EVEN is applicable
2025-12-05 00:04:24,686 [INFO] Rule:228 - rule UART/USART PARITY ODD is applicable
2025-12-05 00:04:24,686 [INFO] Rule:228 - rule USART StopBits 1 is applicable
2025-12-05 00:04:24,686 [INFO] Rule:228 - rule USART StopBits 2 is applicable
2025-12-05 00:04:24,686 [INFO] Rule:228 - rule USART StopBits 1.5 is applicable
2025-12-05 00:04:24,686 [INFO] Rule:228 - rule USART StopBits 0.5 is applicable
2025-12-05 00:04:24,686 [INFO] Rule:228 - rule UART/USART WORD LENGTH 7 is applicable
2025-12-05 00:04:24,686 [INFO] Rule:228 - rule UART/USART WORD LENGTH 8 is applicable
2025-12-05 00:04:24,686 [INFO] Rule:228 - rule UART/USART WORD LENGTH 9 is applicable
2025-12-05 00:04:24,686 [INFO] Rule:228 - rule Rename FMC NAND NCE signal is applicable
2025-12-05 00:04:24,686 [INFO] Rule:228 - rule Rename FMC NAND INT signal is applicable
2025-12-05 00:04:24,686 [INFO] Rule:228 - rule Change Default Value for LSE Drive Capability for WB family is applicable
2025-12-05 00:04:24,686 [INFO] Rule:228 - rule Change Default Value for ADC Clock Prescaler G0 family is applicable
2025-12-05 00:04:24,686 [INFO] Rule:228 - rule Change Default Value for ADC ExternalTrigConv L4 family is applicable
2025-12-05 00:04:24,686 [INFO] Rule:228 - rule Change Default Value for ADC ExternalTrigInjecConv L4 family is applicable
2025-12-05 00:04:24,686 [INFO] Rule:228 - rule Change Default Value for ADC ExternalTrigConv F3 family is applicable
2025-12-05 00:04:24,686 [INFO] Rule:228 - rule Change Default Value for ADC ExternalTrigInjecConv F3 family is applicable
2025-12-05 00:04:24,686 [INFO] Rule:228 - rule Change Default Value for ADC ExternalTrigConv Goldfish serie is applicable
2025-12-05 00:04:24,686 [INFO] Rule:228 - rule Change Default Value for ADC ExternalTrigInjecConv Goldfish serie is applicable
2025-12-05 00:04:24,686 [INFO] Rule:228 - rule Change Default Value for ADC ExternalTrigConv L0 family is applicable
2025-12-05 00:04:24,686 [INFO] Rule:228 - rule Change Default Value for ADC ExternalTrigConv F0 family is applicable
2025-12-05 00:04:24,686 [INFO] Rule:228 - rule Change Default Value for ADC ExternalTrigConvn L1 family is applicable
2025-12-05 00:04:24,686 [INFO] Rule:228 - rule Change Default Value for ADC ExternalTrigInjecConv L1 family is applicable
2025-12-05 00:04:24,686 [INFO] Rule:228 - rule Change Default Value for ADC ExternalTrigConv F1 family is applicable
2025-12-05 00:04:24,686 [INFO] Rule:228 - rule Change Default Value for ADC ExternalTrigInjecConv F1 family is applicable
2025-12-05 00:04:24,686 [INFO] Rule:228 - rule Change Default Value for ADC ExternalTrigConv F7 family is applicable
2025-12-05 00:04:24,686 [INFO] Rule:228 - rule Change Default Value for ADC ExternalTrigInjecConv F7 family is applicable
2025-12-05 00:04:24,686 [INFO] Rule:228 - rule Change Default Value for ADC ExternalTrigConv F4 and F2 family is applicable
2025-12-05 00:04:24,686 [INFO] Rule:228 - rule Change Default Value for ADC ExternalTrigInjecConv F4 and F2 family is applicable
2025-12-05 00:04:24,686 [INFO] Rule:228 - rule ADC SamplingTime fix with FW L0  is applicable
2025-12-05 00:04:24,686 [INFO] Rule:228 - rule ADC SamplingTime fix with FW L0  is applicable
2025-12-05 00:04:24,687 [INFO] Rule:228 - rule ADC SamplingTime fix with FW L0 is applicable
2025-12-05 00:04:24,687 [INFO] Rule:228 - rule ADC SamplingTime fix with FW L0 is applicable
2025-12-05 00:04:24,687 [INFO] Rule:228 - rule ADC SamplingTime fix with FW L0  is applicable
2025-12-05 00:04:24,687 [INFO] Rule:228 - rule ADC SamplingTime fix with FW L0 is applicable
2025-12-05 00:04:24,687 [INFO] Rule:228 - rule Rename USB_OE Signal is applicable
2025-12-05 00:04:24,687 [INFO] Rule:228 - rule Rename Activate_OE Mode is applicable
2025-12-05 00:04:24,687 [INFO] Rule:228 - rule Rename DIE462/DIE415 pin PC14/OSC32_IN -> PC14-OSC32_IN (PC14) is applicable
2025-12-05 00:04:24,687 [INFO] Rule:228 - rule Rename DIE462/DIE415 pin PC15/OSC32_OUT -> PC15-OSC32_OUT (PC15) is applicable
2025-12-05 00:04:24,687 [INFO] Rule:228 - rule Rename DIE462/DIE415 pin PH0/OSC_IN -> PH0-OSC_IN (PH0) is applicable
2025-12-05 00:04:24,687 [INFO] Rule:228 - rule Rename DIE462/DIE415 pin PH1/OSC_OUT -> PH1-OSC_OUT (PH1) is applicable
2025-12-05 00:04:24,687 [INFO] Rule:228 - rule Rename DIE462 pin PA13 -> PA13 (JTMS/SWDIO) is applicable
2025-12-05 00:04:24,687 [INFO] Rule:228 - rule Rename DIE415 pin PA13 -> PA13 (JTMS/SWDIO) is applicable
2025-12-05 00:04:24,687 [INFO] Rule:228 - rule Rename DIE462 pin PA14 -> PA14 (JTCK/SWCLK) is applicable
2025-12-05 00:04:24,687 [INFO] Rule:228 - rule Rename DIE415 pin PA14 -> PA14 (JTCK/SWCLK) is applicable
2025-12-05 00:04:24,687 [INFO] Rule:228 - rule Rename DIE462/DIE415 pin PA15 -> PA15 (JTDI) is applicable
2025-12-05 00:04:24,687 [INFO] Rule:228 - rule Rename DIE462 pin PB3 -> PB3 (JTD0/TRACESWO) is applicable
2025-12-05 00:04:24,687 [INFO] Rule:228 - rule Rename DIE415 pin PB3 -> PB3 (JTD0-TRACESWO) is applicable
2025-12-05 00:04:24,687 [INFO] Rule:228 - rule Rename DIE462/DIE415 pin PB4 -> PB4 (NJTRST) is applicable
2025-12-05 00:04:24,687 [INFO] Rule:228 - rule Rename DIE462 pin PH3/BOOT0 -> PH3-BOOT0 (BOOT0) is applicable
2025-12-05 00:04:24,687 [INFO] Rule:228 - rule Rename CRYP DataEncryptionTypesList to Algorithm is applicable
2025-12-05 00:04:24,687 [INFO] Rule:228 - rule Rename AES DataEncryptionTypesList to Algorithm is applicable
2025-12-05 00:04:24,687 [INFO] Rule:228 - rule Rename TDESECB to CRYP_TDES_ECB is applicable
2025-12-05 00:04:24,687 [INFO] Rule:228 - rule Rename TDESCBC to CRYP_TDES_CBC is applicable
2025-12-05 00:04:24,687 [INFO] Rule:228 - rule Rename DESECB to CRYP_DES_ECB is applicable
2025-12-05 00:04:24,687 [INFO] Rule:228 - rule Rename DESCBC to CRYP_DES_CBC is applicable
2025-12-05 00:04:24,687 [INFO] Rule:228 - rule Rename AESECB to CRYP_AES_ECB is applicable
2025-12-05 00:04:24,687 [INFO] Rule:228 - rule Rename AESCBC to CRYP_AES_CBC is applicable
2025-12-05 00:04:24,687 [INFO] Rule:228 - rule Rename AESCTR to CRYP_AES_CTR is applicable
2025-12-05 00:04:24,687 [INFO] Rule:228 - rule Rename AESGCM to CRYP_AES_GCM is applicable
2025-12-05 00:04:24,687 [INFO] Rule:228 - rule Rename AESCCM to CRYP_AES_CCM is applicable
2025-12-05 00:04:24,687 [INFO] Rule:228 - rule Rename CAN TimeSeg1 to BS1 is applicable
2025-12-05 00:04:24,687 [INFO] Rule:228 - rule Rename CAN TimeSeg2 to BS2 is applicable
2025-12-05 00:04:24,687 [INFO] Rule:228 - rule Rename CAN SyncJumpWidth to SJW is applicable
2025-12-05 00:04:24,687 [INFO] Rule:228 - rule TimeTriggeredMode to TTCM is applicable
2025-12-05 00:04:24,687 [INFO] Rule:228 - rule Rename CAN AutoBusOff to ABOM is applicable
2025-12-05 00:04:24,687 [INFO] Rule:228 - rule Rename CAN AutoWakeUp to AWUM is applicable
2025-12-05 00:04:24,687 [INFO] Rule:228 - rule Rename CAN AutoRetransmission to NART is applicable
2025-12-05 00:04:24,687 [INFO] Rule:228 - rule Rename CAN ReceiveFifoLocked to RFLM is applicable
2025-12-05 00:04:24,687 [INFO] Rule:228 - rule Rename CAN TransmitFifoPriority to TXFP is applicable
2025-12-05 00:04:24,687 [INFO] Rule:228 - rule Rename HRTIMER HRTIM_OUTPUTFAULTLEVEL_HIGH in HRTIMER HRTIM_OUTPUTFAULTLEVEL_HIGHZ is applicable
2025-12-05 00:04:24,687 [INFO] Rule:228 - rule Rename TIMER TIM_CLEARINPUTSOURCE_OCREFCLR in  TIMER TIM_CLEARINPUTSOURCE_NONE for F7 family is applicable
2025-12-05 00:04:24,687 [INFO] Rule:228 - rule FDCAN_R1 - Rename FDCAN mode Master into Classic is applicable
2025-12-05 00:04:24,688 [INFO] Rule:228 - rule FDCAN_R2 - Rename FDCAN mode Slave into Classic is applicable
2025-12-05 00:04:24,688 [INFO] Rule:228 - rule FDCAN1_R3 - if PA10.Mode=FullDuplex, add Pin PA12 is applicable
2025-12-05 00:04:24,688 [INFO] Rule:228 - rule FDCAN1_R3 - if PA9.Mode=FullDuplex, add Pin PA11 is applicable
2025-12-05 00:04:24,688 [INFO] Rule:228 - rule FDCAN1_R3 - Alternatepin_1 - if PE1.Mode=FullDuplex, add Pin PB9 is applicable
2025-12-05 00:04:24,688 [INFO] Rule:228 - rule FDCAN1_R3 - Alternatepin_1 - if PE0.Mode=FullDuplex, add Pin PB8 is applicable
2025-12-05 00:04:24,688 [INFO] Rule:228 - rule FDCAN1_R3 - Alternatepin_2 - if PD5.Mode=FullDuplex, add Pin PD1 is applicable
2025-12-05 00:04:24,688 [INFO] Rule:228 - rule FDCAN1_R3 - Alternatepin_2 - if PD4.Mode=FullDuplex, add Pin PD0 is applicable
2025-12-05 00:04:24,688 [INFO] Rule:228 - rule FDCAN1_R4 - Rename Mode FullDuplex into Enable FDCAN_TXFD for pin PA10 is applicable
2025-12-05 00:04:24,688 [INFO] Rule:228 - rule FDCAN1_R4 - Rename Mode FullDuplex into Enable FDCAN_TXFD for pin PA9 is applicable
2025-12-05 00:04:24,688 [INFO] Rule:228 - rule FDCAN1_R4 - Alternatepin_1 - Rename Mode FullDuplex into Enable FDCAN_TXFD for pin PE1 is applicable
2025-12-05 00:04:24,688 [INFO] Rule:228 - rule FDCAN1_R4 - Alternatepin_1 - Rename Mode FullDuplex into Enable FDCAN_TXFD for pin PE0 is applicable
2025-12-05 00:04:24,688 [INFO] Rule:228 - rule FDCAN1_R4 - Alternatepin_2 - Rename Mode FullDuplex into Enable FDCAN_TXFD for pin PD5 is applicable
2025-12-05 00:04:24,688 [INFO] Rule:228 - rule FDCAN1_R4 - Alternatepin_2 - Rename Mode FullDuplex into Enable FDCAN_TXFD for pin PD4 is applicable
2025-12-05 00:04:24,688 [INFO] Rule:228 - rule FDCAN2_R3 - if PD10.Mode=FullDuplex, add Pin PB13 is applicable
2025-12-05 00:04:24,688 [INFO] Rule:228 - rule FDCAN2_R3 - if PD9.Mode=FullDuplex, add Pin PB12 is applicable
2025-12-05 00:04:24,688 [INFO] Rule:228 - rule FDCAN2_R3 - Alternatepin_1 - if PB7.Mode=FullDuplex, add Pin PB6 is applicable
2025-12-05 00:04:24,688 [INFO] Rule:228 - rule FDCAN2_R3 - Alternatepin_1 - if PD9.Mode=FullDuplex, add Pin PB12 is applicable
2025-12-05 00:04:24,688 [INFO] Rule:228 - rule FDCAN2_R4 - Rename Mode FullDuplex into Enable FDCAN_TXFD for pin PD10 is applicable
2025-12-05 00:04:24,688 [INFO] Rule:228 - rule FDCAN2_R4 - Rename Mode FullDuplex into Enable FDCAN_TXFD for pin PD9 is applicable
2025-12-05 00:04:24,688 [INFO] Rule:228 - rule FDCAN2_R4 - Alternatepin_1 - Rename Mode FullDuplex into Enable FDCAN_TXFD for pin PB7 is applicable
2025-12-05 00:04:24,688 [INFO] Rule:228 - rule FDCAN2_R4 - Alternatepin_1 - Rename Mode FullDuplex into Enable FDCAN_TXFD for pin PD6 is applicable
2025-12-05 00:04:24,688 [INFO] Rule:228 - rule USART TxPinLevelInvertParam Mode is applicable
2025-12-05 00:04:24,688 [INFO] Rule:228 - rule USART RxPinLevelInvertParam Mode is applicable
2025-12-05 00:04:24,688 [INFO] Rule:228 - rule USART DataInvertParam Mode is applicable
2025-12-05 00:04:24,688 [INFO] Rule:228 - rule USART SwapParam Mode is applicable
2025-12-05 00:04:24,688 [INFO] Rule:228 - rule USART OverrunDisableParam Mode is applicable
2025-12-05 00:04:24,688 [INFO] Rule:228 - rule USART DMADisableonRxErrorParam Mode is applicable
2025-12-05 00:04:24,688 [INFO] Rule:228 - rule USART MSBFirstParam Mode is applicable
2025-12-05 00:04:24,688 [INFO] Rule:228 - rule Update MwName for USB_DEVICE is applicable
2025-12-05 00:04:24,688 [INFO] Rule:228 - rule Change PWR_Regulator_Voltage_Scale Default Value for RCC  H7 family is applicable
2025-12-05 00:04:24,688 [INFO] Rule:228 - rule UART/USART IPParameter rename Prescaler parameter to ClockPrescaler is applicable
2025-12-05 00:04:24,688 [INFO] Rule:228 - rule UART/USART Prescaler rename Prescaler parameter to ClockPrescaler is applicable
2025-12-05 00:04:24,688 [INFO] Rule:228 - rule TIM1CLockSelection is applicable
2025-12-05 00:04:24,688 [INFO] Rule:228 - rule TIM15CLockSelection is applicable
2025-12-05 00:04:24,688 [INFO] Rule:228 - rule align RCC SDMMC3CLockSelection default value on MP1 is applicable
2025-12-05 00:04:24,688 [INFO] Rule:228 - rule align RCC SDMMC12CLockSelection default value on MP1 is applicable
2025-12-05 00:04:24,688 [INFO] Rule:228 - rule align RCC QSPICLockSelection default value on MP1 is applicable
2025-12-05 00:04:24,688 [INFO] Rule:228 - rule align RCC QSPICLockSelection default value on MP1 is applicable
2025-12-05 00:04:24,688 [INFO] Rule:228 - rule align RCC SPI6CLockSelection default value on MP1 is applicable
2025-12-05 00:04:24,688 [INFO] Rule:228 - rule align RCC LPTIM23CLockSelection default value on MP1 is applicable
2025-12-05 00:04:24,688 [INFO] Rule:228 - rule align RCC LPTIM1CLockSelection default value on MP1 is applicable
2025-12-05 00:04:24,688 [INFO] Rule:228 - rule align RCC USART1CLockSelection default value on MP1 is applicable
2025-12-05 00:04:24,688 [INFO] Rule:228 - rule align RCC USART24CLockSelection default value on MP1 is applicable
2025-12-05 00:04:24,688 [INFO] Rule:228 - rule align RCC USART6CLockSelection default value on MP1 is applicable
2025-12-05 00:04:24,688 [INFO] Rule:228 - rule align RCC UART78CLockSelection default value on MP1 is applicable
2025-12-05 00:04:24,688 [INFO] Rule:228 - rule align RCC USART35CLockSelection default value on MP1 is applicable
2025-12-05 00:04:24,689 [INFO] Rule:228 - rule align RCC SPI45CLockSelection default value on MP1 is applicable
2025-12-05 00:04:24,689 [INFO] Rule:228 - rule align RCC I2C46CLockSelection BCLK value on MP1 is applicable
2025-12-05 00:04:24,689 [INFO] Rule:228 - rule align RCC SPI45CLockSelection default value on MP1 is applicable
2025-12-05 00:04:24,689 [INFO] Rule:228 - rule align RCC I2C12CLockSelection default value on MP1 is applicable
2025-12-05 00:04:24,689 [INFO] Rule:228 - rule align RCC I2C35CLockSelection default value on MP1 is applicable
2025-12-05 00:04:24,689 [INFO] Rule:228 - rule align RCC LPTIM45CLockSelection default value on MP1 is applicable
2025-12-05 00:04:24,689 [INFO] Rule:228 - rule Rename DCMI PIXCK signal is applicable
2025-12-05 00:04:24,689 [INFO] Rule:228 - rule Change Default Value for I2C46CLockSelection MP1 family is applicable
2025-12-05 00:04:24,689 [INFO] Rule:228 - rule Change Default Value for UART for G4, G0 and WB families is applicable
2025-12-05 00:04:24,689 [INFO] Rule:228 - rule Change Default Value for USART for G4, G0 and WB families is applicable
2025-12-05 00:04:24,689 [INFO] Rule:228 - rule Change Default Value for USART for G4 family is applicable
2025-12-05 00:04:24,689 [INFO] Rule:228 - rule Change USART1CLockSelection refparam name for MP1 is applicable
2025-12-05 00:04:24,689 [INFO] Rule:228 - rule Change USART2CLockSelection refparam name for MP1 is applicable
2025-12-05 00:04:24,689 [INFO] Rule:228 - rule Change USART3CLockSelection refparam name for MP1 is applicable
2025-12-05 00:04:24,689 [INFO] Rule:228 - rule Change UART4CLockSelection refparam name for MP1 is applicable
2025-12-05 00:04:24,689 [INFO] Rule:228 - rule Change UART5CLockSelection refparam name for MP1 is applicable
2025-12-05 00:04:24,689 [INFO] Rule:228 - rule Change LPUART1CLockSelection refparam name for MP1 is applicable
2025-12-05 00:04:24,689 [INFO] Rule:228 - rule Change LPTIM1CLockSelection refparam name for MP1 is applicable
2025-12-05 00:04:24,689 [INFO] Rule:228 - rule Change LPTIM2CLockSelection refparam name for MP1 is applicable
2025-12-05 00:04:24,689 [INFO] Rule:228 - rule Change RCC_MCO1Source refparam name for MP1 is applicable
2025-12-05 00:04:24,689 [INFO] Rule:228 - rule Change LSCOSource1 refparam name for MP1 is applicable
2025-12-05 00:04:24,689 [INFO] Rule:228 - rule Change SMPSCLockSelection refparam name for MP1 is applicable
2025-12-05 00:04:24,689 [INFO] Rule:228 - rule Change LPTIM3CLockSelection refparam name for MP1 is applicable
2025-12-05 00:04:24,689 [INFO] Rule:228 - rule Change MPCBB* Default Template Mode to Parameters is applicable
2025-12-05 00:04:24,689 [INFO] Rule:228 - rule Change MPCWM* or MPCBB* Secure Mode to Parameters is applicable
2025-12-05 00:04:24,689 [INFO] Rule:228 - rule Change MPCWM* or MPCBB* No Secure Mode to Parameters is applicable
2025-12-05 00:04:24,689 [INFO] Rule:228 - rule Change TZSC IP Secure Mode to Parameters is applicable
2025-12-05 00:04:24,689 [INFO] Rule:228 - rule Change TZSC IP No Secure Mode to Parameters is applicable
2025-12-05 00:04:24,689 [INFO] Rule:228 - rule Change TZSC IP Privilege Mode to Parameters is applicable
2025-12-05 00:04:24,689 [INFO] Rule:228 - rule Change TZSC IP No Privilege Mode to Parameters is applicable
2025-12-05 00:04:24,689 [INFO] Rule:228 - rule Change TZIC IT Secure Mode to Parameters is applicable
2025-12-05 00:04:24,689 [INFO] Rule:228 - rule Change TZIC IT No Secure Mode to Parameters is applicable
2025-12-05 00:04:24,689 [INFO] Rule:228 - rule Add MPCBB1_NonSecureArea_Start_Address value with referenced to MPCBB1_NonSecureArea_Start value is applicable
2025-12-05 00:04:24,689 [INFO] Rule:228 - rule Add MPCBB2_NonSecureArea_Start_Address value with referenced to MPCBB2_NonSecureArea_Start value is applicable
2025-12-05 00:04:24,689 [INFO] Rule:228 - rule Add MPCWM1_NonSecureArea*_Start_Address value with referenced to MPCWM1_NonSecureArea*_Start value is applicable
2025-12-05 00:04:24,689 [INFO] Rule:228 - rule Add MPCWM2_NonSecureArea*_Start_Address value with referenced to MPCWM2_NonSecureArea*_Start value is applicable
2025-12-05 00:04:24,689 [INFO] Rule:228 - rule Add MPCWM3_NonSecureArea_Start_Address value with referenced to MPCWM3_NonSecureArea_Start value is applicable
2025-12-05 00:04:24,689 [INFO] Rule:228 - rule Change Default Value for PLL1UserDefinedConfig is applicable
2025-12-05 00:04:24,689 [INFO] Rule:228 - rule Change GPIO_PuPd Default Value for USART in async mode is applicable
2025-12-05 00:04:24,689 [INFO] Rule:228 - rule Change SMPSDivider Default Value is applicable
2025-12-05 00:04:24,689 [INFO] Rule:228 - rule OPAMP is applicable
2025-12-05 00:04:24,690 [INFO] Rule:228 - rule LPUART IPParameter rename Prescaler parameter to ClockPrescaler for STM32H7 is applicable
2025-12-05 00:04:24,690 [INFO] Rule:228 - rule LPUART IPParameter rename Prescaler parameter to ClockPrescaler for STM32H7 is applicable
2025-12-05 00:04:24,690 [INFO] Rule:228 - rule LPUART IPParameter rename Prescaler parameter to ClockPrescaler for STM32WB is applicable
2025-12-05 00:04:24,690 [INFO] Rule:228 - rule LPUART IPParameter rename Prescaler parameter to ClockPrescaler for STM32WB is applicable
2025-12-05 00:04:24,690 [INFO] Rule:228 - rule LPUART IPParameter rename Prescaler parameter to ClockPrescaler for STM32G4 is applicable
2025-12-05 00:04:24,690 [INFO] Rule:228 - rule LPUART IPParameter rename Prescaler parameter to ClockPrescaler for STM32G4 is applicable
2025-12-05 00:04:24,690 [INFO] Rule:228 - rule LPUART IPParameter rename Prescaler parameter to ClockPrescaler for STM32L5 is applicable
2025-12-05 00:04:24,690 [INFO] Rule:228 - rule LPUART IPParameter rename Prescaler parameter to ClockPrescaler for STM32L5 is applicable
2025-12-05 00:04:24,690 [INFO] Rule:228 - rule LPUART IPParameter rename Prescaler parameter to ClockPrescaler for STM32G4 is applicable
2025-12-05 00:04:24,690 [INFO] Rule:228 - rule LPUART IPParameter rename Prescaler parameter to ClockPrescaler for STM32G4 is applicable
2025-12-05 00:04:24,690 [INFO] Rule:228 - rule USB device lib V2.5.3 for L0 rename USBD_SUPPORT_USER_STRING parameter to USBD_SUPPORT_USER_STRING_DESC4 is applicable
2025-12-05 00:04:24,690 [INFO] Rule:228 - rule I2SCLockSelection clock entry align is applicable
2025-12-05 00:04:24,690 [INFO] Rule:228 - rule Assign TIMx context if used as SYS timebase is applicable
2025-12-05 00:04:24,690 [INFO] Rule:228 - rule Change GPIO_Pu Default Value for I2C is applicable
2025-12-05 00:04:24,690 [INFO] Rule:228 - rule Change GPIO_Pu Default Value for SMBus is applicable
2025-12-05 00:04:24,690 [INFO] Rule:228 - rule change FDCAN default value is applicable
2025-12-05 00:04:24,690 [INFO] Rule:228 - rule Change mode sai is applicable
2025-12-05 00:04:24,690 [INFO] Rule:228 - rule **Change sai mode is applicable
2025-12-05 00:04:24,690 [INFO] Rule:228 - rule Rename STM32WPAN CFG_BLE_IRK to CFG_BLE_IR is applicable
2025-12-05 00:04:24,690 [INFO] Rule:228 - rule Rename STM32WPAN CFG_BLE_ERK to CFG_BLE_ER is applicable
2025-12-05 00:04:24,690 [INFO] Rule:228 - rule Rename STM32WPAN CFG_BLE_IRK_HEX to CFG_BLE_IR_HEX is applicable
2025-12-05 00:04:24,690 [INFO] Rule:228 - rule Rename STM32WPAN CFG_BLE_ERK_HEX to CFG_BLE_ER_HEX is applicable
2025-12-05 00:04:24,710 [INFO] DbConfProperties:307 - Apply Compatibility (50/262 Rules)
2025-12-05 00:04:24,758 [INFO] ImportTextPane:218 - (OptionalMessage_ERROR) Unable to find key (Mcu.ThirdPartyNb) in loaded IOC file
2025-12-05 00:04:24,802 [INFO] RtosManager:555 - Registered RTOS mode: class=CMSIS, group=RTOS, mode=CMSIS_V1, owner=FREERTOS
2025-12-05 00:04:24,802 [INFO] RtosManager:555 - Registered RTOS mode: class=CMSIS, group=RTOS2, mode=CMSIS_V2, owner=FREERTOS
2025-12-05 00:04:24,802 [INFO] RtosManager:555 - Registered RTOS mode: class=RTOS, group=Core, mode=CMSIS_V1, owner=FREERTOS
2025-12-05 00:04:24,802 [INFO] RtosManager:555 - Registered RTOS mode: class=RTOS, group=Core, mode=CMSIS_V2, owner=FREERTOS
2025-12-05 00:04:24,802 [WARN] ModelIntegratedComponent:184 - Missing modes for component STMicroelectronics:FreeRTOS:0.0.1:STMicroelectronics:RTOS:FreeRTOS:Core:::10.2.0:
2025-12-05 00:04:24,813 [WARN] ModelIntegratedComponent:63 - No mode defined for component null
2025-12-05 00:04:24,813 [WARN] ModelIntegratedComponent:63 - No mode defined for component null
2025-12-05 00:04:24,813 [WARN] ModelIntegratedComponent:63 - No mode defined for component null
2025-12-05 00:04:24,813 [WARN] ModelIntegratedComponent:63 - No mode defined for component null
2025-12-05 00:04:24,813 [WARN] ModelIntegratedComponent:63 - No mode defined for component null
2025-12-05 00:04:24,813 [WARN] ModelIntegratedComponent:63 - No mode defined for component null
2025-12-05 00:04:24,813 [WARN] ModelIntegratedComponent:63 - No mode defined for component null
2025-12-05 00:04:24,813 [WARN] ModelIntegratedComponent:63 - No mode defined for component null
2025-12-05 00:04:24,813 [WARN] ModelIntegratedComponent:63 - No mode defined for component null
2025-12-05 00:04:24,813 [WARN] ModelIntegratedComponent:63 - No mode defined for component null
2025-12-05 00:04:24,814 [WARN] ModelIntegratedComponent:63 - No mode defined for component null
2025-12-05 00:04:24,814 [WARN] ModelIntegratedComponent:63 - No mode defined for component null
2025-12-05 00:04:24,814 [WARN] ModelIntegratedComponent:63 - No mode defined for component null
2025-12-05 00:04:24,814 [WARN] ModelIntegratedComponent:63 - No mode defined for component null
2025-12-05 00:04:24,814 [WARN] ModelIntegratedComponent:63 - No mode defined for component null
2025-12-05 00:04:24,814 [WARN] ModelIntegratedComponent:63 - No mode defined for component null
2025-12-05 00:04:24,814 [WARN] ModelIntegratedComponent:63 - No mode defined for component null
2025-12-05 00:04:24,814 [WARN] ModelIntegratedComponent:63 - No mode defined for component null
2025-12-05 00:04:24,814 [WARN] ModelIntegratedComponent:63 - No mode defined for component null
2025-12-05 00:04:24,814 [WARN] ModelIntegratedComponent:63 - No mode defined for component null
2025-12-05 00:04:24,814 [WARN] ModelIntegratedComponent:63 - No mode defined for component null
2025-12-05 00:04:24,814 [WARN] ModelIntegratedComponent:63 - No mode defined for component null
2025-12-05 00:04:24,814 [WARN] ModelIntegratedComponent:63 - No mode defined for component null
2025-12-05 00:04:24,814 [WARN] ModelIntegratedComponent:63 - No mode defined for component null
2025-12-05 00:04:24,814 [WARN] ModelIntegratedComponent:63 - No mode defined for component null
2025-12-05 00:04:24,814 [WARN] ModelIntegratedComponent:63 - No mode defined for component null
2025-12-05 00:04:24,814 [WARN] ModelIntegratedComponent:63 - No mode defined for component null
2025-12-05 00:04:24,814 [WARN] ModelIntegratedComponent:63 - No mode defined for component null
2025-12-05 00:04:24,814 [WARN] ModelIntegratedComponent:63 - No mode defined for component null
2025-12-05 00:04:24,814 [WARN] ModelIntegratedComponent:63 - No mode defined for component null
2025-12-05 00:04:24,814 [WARN] ModelIntegratedComponent:63 - No mode defined for component null
2025-12-05 00:04:24,814 [WARN] ModelIntegratedComponent:63 - No mode defined for component null
2025-12-05 00:04:24,814 [WARN] ModelIntegratedComponent:63 - No mode defined for component null
2025-12-05 00:04:24,814 [WARN] ModelIntegratedComponent:63 - No mode defined for component null
2025-12-05 00:04:24,814 [WARN] ModelIntegratedComponent:63 - No mode defined for component null
2025-12-05 00:04:24,814 [WARN] ModelPack:524 - Component already loaded: STMicroelectronics:HAL Drivers:0.0.0:STMicroelectronics:Device:STMicro_Driver:XSPI:HAL::0.0.1:HAL_XSPI
2025-12-05 00:04:25,436 [INFO] ThirdPartyModel:298 - Start build external matchings
2025-12-05 00:04:27,172 [INFO] ThirdPartyModel:316 - End build external matchings
2025-12-05 00:04:27,214 [INFO] ImportTextPane:218 - (OptionalMessage_ERROR) IP (RCC) : Parameter (RTCHSEDivFreq_Value) has invalid value (4000000)
2025-12-05 00:04:27,560 [INFO] UtilMem:75 - End LoadConfig() Used Memory: 838982472 Bytes (1073741824)
2025-12-05 00:04:27,596 [WARN] ThirdParty:833 - waiting for thirdparty lock release [change project]
2025-12-05 00:04:27,597 [INFO] ThirdParty:835 - entering critical section [change project]
2025-12-05 00:04:27,598 [INFO] ThirdParty:1030 - CMSIS Pack Vendor :STMicroelectronics X-CUBE-PM33A1 1.0.0
2025-12-05 00:04:27,598 [INFO] ThirdParty:1030 - CMSIS Pack Vendor :STMicroelectronics USBPD 4.1
2025-12-05 00:04:27,598 [INFO] ThirdParty:1030 - CMSIS Pack Vendor :STMicroelectronics USB_HOST 2.0.0
2025-12-05 00:04:27,598 [INFO] ThirdParty:1030 - CMSIS Pack Vendor :STMicroelectronics FP-SNS-MOTENVWB1 1.4.0
2025-12-05 00:04:27,598 [INFO] ThirdParty:1030 - CMSIS Pack Vendor :STMicroelectronics X-CUBE-AZRTOS-F4 1.1.0
2025-12-05 00:04:27,598 [INFO] ThirdParty:1030 - CMSIS Pack Vendor :STMicroelectronics LIBJPEG 8.0.0
2025-12-05 00:04:27,598 [INFO] ThirdParty:1030 - CMSIS Pack Vendor :STMicroelectronics FP-ATR-ASTRA1 2.0.2
2025-12-05 00:04:27,598 [INFO] ThirdParty:1030 - CMSIS Pack Vendor :STMicroelectronics FP-ATR-ASTRA1 2.0.1
2025-12-05 00:04:27,598 [INFO] ThirdParty:1030 - CMSIS Pack Vendor :Avnet-IotConnect X-CUBE-IoTC-DA16k-PMOD 1.0.0
2025-12-05 00:04:27,598 [INFO] ThirdParty:1030 - CMSIS Pack Vendor :STMicroelectronics X-CUBE-SMBUS 2.1.0
2025-12-05 00:04:27,598 [INFO] ThirdParty:1030 - CMSIS Pack Vendor :STMicroelectronics X-CUBE-WB05N 1.1.0
2025-12-05 00:04:27,599 [INFO] ThirdParty:1030 - CMSIS Pack Vendor :STMicroelectronics X-CUBE-ISPU 2.1.0
2025-12-05 00:04:27,599 [INFO] ThirdParty:1030 - CMSIS Pack Vendor :STMicroelectronics X-CUBE-ST60 1.0.0
2025-12-05 00:04:27,599 [INFO] ThirdParty:1030 - CMSIS Pack Vendor :STMicroelectronics X-CUBE-NFC12 1.0.0
2025-12-05 00:04:27,599 [INFO] ThirdParty:1030 - CMSIS Pack Vendor :STMicroelectronics X-CUBE-AZRTOS-F7 1.1.0
2025-12-05 00:04:27,599 [INFO] ThirdParty:1030 - CMSIS Pack Vendor :STMicroelectronics X-CUBE-AZRTOS-L5 2.0.0
2025-12-05 00:04:27,599 [INFO] ThirdParty:1030 - CMSIS Pack Vendor :STMicroelectronics USB_DEVICE 2.0.0
2025-12-05 00:04:27,599 [INFO] ThirdParty:1030 - CMSIS Pack Vendor :STMicroelectronics X-CUBE-NFC6 3.1.0
2025-12-05 00:04:27,600 [INFO] ThirdParty:1030 - CMSIS Pack Vendor :STMicroelectronics FreeRTOS 0.0.1
2025-12-05 00:04:27,600 [INFO] ThirdParty:1030 - CMSIS Pack Vendor :STMicroelectronics X-CUBE-DPower 1.2.0
2025-12-05 00:04:27,600 [INFO] ThirdParty:1030 - CMSIS Pack Vendor :STMicroelectronics FP-SNS-FLIGHT1 5.0.2
2025-12-05 00:04:27,600 [INFO] ThirdParty:1030 - CMSIS Pack Vendor :STMicroelectronics PDM2PCM 3.3.0
2025-12-05 00:04:27,600 [INFO] ThirdParty:1030 - CMSIS Pack Vendor :STMicroelectronics X-CUBE-AZRTOS-H7 3.4.0
2025-12-05 00:04:27,600 [INFO] ThirdParty:1030 - CMSIS Pack Vendor :STMicroelectronics X-CUBE-DISPLAY 3.0.0
2025-12-05 00:04:27,600 [INFO] ThirdParty:1030 - CMSIS Pack Vendor :STMicroelectronics X-CUBE-BLE1 7.0.0
2025-12-05 00:04:27,600 [INFO] ThirdParty:1030 - CMSIS Pack Vendor :STMicroelectronics X-CUBE-NFC10 1.0.0
2025-12-05 00:04:27,600 [INFO] ThirdParty:1030 - CMSIS Pack Vendor :STMicroelectronics X-CUBE-BLEMGR 4.0.0
2025-12-05 00:04:27,600 [INFO] ThirdParty:1030 - CMSIS Pack Vendor :STMicroelectronics X-CUBE-FREERTOS 1.3.1
2025-12-05 00:04:27,600 [INFO] ThirdParty:1030 - CMSIS Pack Vendor :STMicroelectronics HAL Drivers 0.0.0
2025-12-05 00:04:27,600 [INFO] ThirdParty:1030 - CMSIS Pack Vendor :STMicroelectronics X-CUBE-ST60 1.1.0
2025-12-05 00:04:27,600 [INFO] ThirdParty:1030 - CMSIS Pack Vendor :STMicroelectronics X-CUBE-FREERTOS 1.3.0
2025-12-05 00:04:27,600 [INFO] ThirdParty:1030 - CMSIS Pack Vendor :STMicroelectronics X-CUBE-NFC7 1.0.1
2025-12-05 00:04:27,600 [INFO] ThirdParty:1030 - CMSIS Pack Vendor :STMicroelectronics MBEDTLS 2.14.1
2025-12-05 00:04:27,600 [INFO] ThirdParty:1030 - CMSIS Pack Vendor :STMicroelectronics X-CUBE-GNSS1 7.1.0
2025-12-05 00:04:27,600 [INFO] ThirdParty:1030 - CMSIS Pack Vendor :STMicroelectronics X-CUBE-TOUCHGFX 4.26.0
2025-12-05 00:04:27,600 [INFO] ThirdParty:1030 - CMSIS Pack Vendor :STMicroelectronics X-CUBE-AI 10.0.0
2025-12-05 00:04:27,600 [INFO] ThirdParty:1030 - CMSIS Pack Vendor :STMicroelectronics FP-SNS-STAIOTCFT 1.0.0
2025-12-05 00:04:27,600 [INFO] ThirdParty:1030 - CMSIS Pack Vendor :STMicroelectronics FP-SNS-SMARTAG2 1.2.0
2025-12-05 00:04:27,600 [INFO] ThirdParty:1030 - CMSIS Pack Vendor :STMicroelectronics FP-SNS-FLIGHT1 5.1.0
2025-12-05 00:04:27,600 [INFO] ThirdParty:1030 - CMSIS Pack Vendor :STMicroelectronics X-CUBE-MEMS1 11.1.0
2025-12-05 00:04:27,600 [INFO] ThirdParty:1030 - CMSIS Pack Vendor :STMicroelectronics X-CUBE-AZRTOS-WL 2.0.0
2025-12-05 00:04:27,600 [INFO] ThirdParty:1030 - CMSIS Pack Vendor :STMicroelectronics X-CUBE-DPower 1.3.0
2025-12-05 00:04:27,600 [INFO] ThirdParty:1030 - CMSIS Pack Vendor :STMicroelectronics FP-SNS-MOTENV1 5.0.0
2025-12-05 00:04:27,601 [INFO] ThirdParty:1030 - CMSIS Pack Vendor :STMicroelectronics USB_DEVICE 1.0.0
2025-12-05 00:04:27,601 [INFO] ThirdParty:1030 - CMSIS Pack Vendor :STMicroelectronics X-CUBE-AZRTOS-H7RS 1.2.0
2025-12-05 00:04:27,601 [INFO] ThirdParty:1030 - CMSIS Pack Vendor :wolfSSL I-CUBE-wolfMQTT 1.19.0
2025-12-05 00:04:27,601 [INFO] ThirdParty:1030 - CMSIS Pack Vendor :STMicroelectronics X-CUBE-AZRTOS-L4 2.0.0
2025-12-05 00:04:27,601 [INFO] ThirdParty:1030 - CMSIS Pack Vendor :STMicroelectronics ThreadX 0.0.2
2025-12-05 00:04:27,601 [INFO] ThirdParty:1030 - CMSIS Pack Vendor :WES I-CUBE-Cesium 1.3.0
2025-12-05 00:04:27,601 [INFO] ThirdParty:1030 - CMSIS Pack Vendor :STMicroelectronics lwIP 2.1.2
2025-12-05 00:04:27,601 [INFO] ThirdParty:1030 - CMSIS Pack Vendor :STMicroelectronics X-CUBE-SFXS2LP1 4.0.0
2025-12-05 00:04:27,601 [INFO] ThirdParty:1030 - CMSIS Pack Vendor :STMicroelectronics X-CUBE-BLE2 3.3.0
2025-12-05 00:04:27,601 [INFO] ThirdParty:1030 - CMSIS Pack Vendor :Avnet-IOTCONNECT X-CUBE-iotc-st67-sdk 1.0.0
2025-12-05 00:04:27,601 [INFO] ThirdParty:1030 - CMSIS Pack Vendor :STMicroelectronics PDM2PCM 3.2.0
2025-12-05 00:04:27,601 [INFO] ThirdParty:1030 - CMSIS Pack Vendor :STMicroelectronics X-CUBE-AZRTOS-H7 3.3.0
2025-12-05 00:04:27,601 [INFO] ThirdParty:1030 - CMSIS Pack Vendor :STMicroelectronics X-CUBE-NFC9 1.0.0
2025-12-05 00:04:27,601 [INFO] ThirdParty:1030 - CMSIS Pack Vendor :STMicroelectronics X-CUBE-BLE1 7.1.0
2025-12-05 00:04:27,601 [INFO] ThirdParty:1030 - CMSIS Pack Vendor :STMicroelectronics USB_DEVICE 3.0.0
2025-12-05 00:04:27,601 [INFO] ThirdParty:1030 - CMSIS Pack Vendor :STMicroelectronics X-CUBE-EEPRMA1 5.2.0
2025-12-05 00:04:27,601 [INFO] ThirdParty:1030 - CMSIS Pack Vendor :STMicroelectronics X-CUBE-BLEMGR 4.1.0
2025-12-05 00:04:27,601 [INFO] ThirdParty:1030 - CMSIS Pack Vendor :STMicroelectronics X-CUBE-AZRTOS-WB 2.0.0
2025-12-05 00:04:27,601 [INFO] ThirdParty:1030 - CMSIS Pack Vendor :STMicroelectronics X-CUBE-GNSS1 7.0.1
2025-12-05 00:04:27,602 [INFO] ThirdParty:1030 - CMSIS Pack Vendor :STMicroelectronics X-CUBE-TOUCHGFX 4.25.0
2025-12-05 00:04:27,602 [INFO] ThirdParty:1030 - CMSIS Pack Vendor :STMicroelectronics X-CUBE-AI 10.1.0
2025-12-05 00:04:27,602 [INFO] ThirdParty:1030 - CMSIS Pack Vendor :STMicroelectronics FP-SNS-STBOX1 2.0.0
2025-12-05 00:04:27,602 [INFO] ThirdParty:1030 - CMSIS Pack Vendor :STMicroelectronics X-CUBE-MEMS1 12.0.0
2025-12-05 00:04:27,602 [INFO] ThirdParty:1030 - CMSIS Pack Vendor :STMicroelectronics X-CUBE-AZRTOS-G0 1.1.0
2025-12-05 00:04:27,602 [INFO] ThirdParty:1030 - CMSIS Pack Vendor :STMicroelectronics X-CUBE-SAFEA1 1.2.2
2025-12-05 00:04:27,602 [INFO] ThirdParty:1030 - CMSIS Pack Vendor :STMicroelectronics X-CUBE-NFC4 3.0.0
2025-12-05 00:04:27,602 [INFO] ThirdParty:1030 - CMSIS Pack Vendor :STMicroelectronics X-CUBE-SUBG2 5.0.0
2025-12-05 00:04:27,602 [INFO] ThirdParty:1030 - CMSIS Pack Vendor :STMicroelectronics X-CUBE-AZRTOS-H7RS 1.1.0
2025-12-05 00:04:27,602 [INFO] ThirdParty:1030 - CMSIS Pack Vendor :STMicroelectronics STM32_WPAN 1.0.0
2025-12-05 00:04:27,602 [INFO] ThirdParty:1030 - CMSIS Pack Vendor :EmbeddedOffice I-CUBE-FS-RTOS 1.0.1
2025-12-05 00:04:27,602 [INFO] ThirdParty:1030 - CMSIS Pack Vendor :STMicroelectronics lwIP 2.0.3
2025-12-05 00:04:27,602 [INFO] ThirdParty:1030 - CMSIS Pack Vendor :Cesanta I-CUBE-Mongoose 7.13.0
2025-12-05 00:04:27,602 [INFO] ThirdParty:1030 - CMSIS Pack Vendor :STMicroelectronics USB_HOST 1.0.0
2025-12-05 00:04:27,602 [INFO] ThirdParty:1030 - CMSIS Pack Vendor :STMicroelectronics X-CUBE-AZRTOS-G4 2.0.0
2025-12-05 00:04:27,602 [INFO] ThirdParty:1030 - CMSIS Pack Vendor :STMicroelectronics X-CUBE-WB05N 2.0.0
2025-12-05 00:04:27,602 [INFO] ThirdParty:1030 - CMSIS Pack Vendor :STMicroelectronics PDM2PCM 3.1.0
2025-12-05 00:04:27,602 [INFO] ThirdParty:1030 - CMSIS Pack Vendor :STMicroelectronics X-CUBE-NFC7 2.0.0
2025-12-05 00:04:27,602 [INFO] ThirdParty:1030 - CMSIS Pack Vendor :RealThread X-CUBE-RT-Thread_Nano 4.1.1
2025-12-05 00:04:27,602 [INFO] ThirdParty:1030 - CMSIS Pack Vendor :STMicroelectronics FP-ATR-SIGFOX1 3.2.0
2025-12-05 00:04:27,602 [INFO] ThirdParty:1030 - CMSIS Pack Vendor :quantropi X-CUBE-qispace-sdk-base 1.9.3
2025-12-05 00:04:27,602 [INFO] ThirdParty:1030 - CMSIS Pack Vendor :STMicroelectronics X-CUBE-EEPRMA1 5.1.0
2025-12-05 00:04:27,603 [INFO] ThirdParty:1030 - CMSIS Pack Vendor :STMicroelectronics MBEDTLS 2.16.2
2025-12-05 00:04:27,603 [INFO] ThirdParty:1030 - CMSIS Pack Vendor :STMicroelectronics X-CUBE-IPS 3.1.0
2025-12-05 00:04:27,603 [INFO] ThirdParty:1030 - CMSIS Pack Vendor :STMicroelectronics X-CUBE-ALS 1.0.2
2025-12-05 00:04:27,603 [INFO] ThirdParty:1030 - CMSIS Pack Vendor :STMicroelectronics X-CUBE-TOUCHGFX 4.24.2
2025-12-05 00:04:27,603 [INFO] ThirdParty:1030 - CMSIS Pack Vendor :STMicroelectronics X-CUBE-STSE01 1.0.0
2025-12-05 00:04:27,603 [INFO] ThirdParty:1030 - CMSIS Pack Vendor :portGmbH I-Cube-SoM-uGOAL 1.1.0
2025-12-05 00:04:27,603 [INFO] ThirdParty:1030 - CMSIS Pack Vendor :STMicroelectronics X-CUBE-ST67W61 1.0.0
2025-12-05 00:04:27,603 [INFO] ThirdParty:1030 - CMSIS Pack Vendor :STMicroelectronics X-CUBE-AI 10.2.0
2025-12-05 00:04:27,603 [INFO] ThirdParty:1030 - CMSIS Pack Vendor :STMicroelectronics ThreadX 1.0.0
2025-12-05 00:04:27,603 [INFO] ThirdParty:1030 - CMSIS Pack Vendor :SEGGER I-CUBE-embOS 1.3.1
2025-12-05 00:04:27,603 [INFO] ThirdParty:1030 - CMSIS Pack Vendor :STMicroelectronics X-CUBE-ALGOBUILD 1.4.0
2025-12-05 00:04:27,603 [INFO] ThirdParty:1030 - CMSIS Pack Vendor :STMicroelectronics X-CUBE-MEMS1 11.3.0
2025-12-05 00:04:27,603 [INFO] ThirdParty:1030 - CMSIS Pack Vendor :STMicroelectronics X-CUBE-AZRTOS-H7RS 1.0.0
2025-12-05 00:04:27,603 [INFO] ThirdParty:1030 - CMSIS Pack Vendor :STMicroelectronics X-CUBE-TOF1 3.4.2
2025-12-05 00:04:27,603 [INFO] ThirdParty:1030 - CMSIS Pack Vendor :STMicroelectronics X-CUBE-TOF1 3.4.3
2025-12-05 00:04:27,603 [INFO] ThirdParty:1030 - CMSIS Pack Vendor :wolfSSL I-CUBE-wolfSSH 1.4.17
2025-12-05 00:04:27,603 [INFO] ThirdParty:841 - exiting critical section [change project]
2025-12-05 00:04:27,851 [INFO] PinOutPanel:1589 - setPackage(No Configuration,No Configuration)
2025-12-05 00:04:27,852 [INFO] PinOutPanel:1589 - setPackage(STM32F407VGTx,LQFP100)
2025-12-05 00:04:28,286 [INFO] UtilMem:75 - Before build in PCC Used Memory: 875629824 Bytes (1073741824)
2025-12-05 00:04:28,725 [INFO] UtilMem:75 - After build in PCC Used Memory: 921244928 Bytes (1073741824)
2025-12-05 00:04:28,752 [INFO] ApiDbMcu:508 - Load IP Config File for USB_HOST
2025-12-05 00:04:28,752 [WARN] BspModel:444 - BSP dependency skipped because of component: name='IOExpander', api='Unknown'
2025-12-05 00:04:28,787 [INFO] IPUIPlugin:80 - create IPUIPlugin
2025-12-05 00:04:28,787 [INFO] IPUIPlugin:80 - create IPUIPlugin
2025-12-05 00:04:28,787 [INFO] IPUIPlugin:80 - create IPUIPlugin
2025-12-05 00:04:28,787 [INFO] IPUIPlugin:80 - create IPUIPlugin
2025-12-05 00:04:28,787 [INFO] IPUIPlugin:80 - create IPUIPlugin
2025-12-05 00:04:28,788 [INFO] IPUIPlugin:80 - create IPUIPlugin
2025-12-05 00:04:28,788 [INFO] IPUIPlugin:80 - create IPUIPlugin
2025-12-05 00:04:28,788 [INFO] IPUIPlugin:80 - create IPUIPlugin
2025-12-05 00:04:28,788 [INFO] IPUIPlugin:80 - create IPUIPlugin
2025-12-05 00:04:28,788 [INFO] IPUIPlugin:80 - create IPUIPlugin
2025-12-05 00:04:28,788 [INFO] IPUIPlugin:80 - create IPUIPlugin
2025-12-05 00:04:28,789 [INFO] IPUIPlugin:80 - create IPUIPlugin
2025-12-05 00:04:28,789 [INFO] IPUIPlugin:80 - create IPUIPlugin
2025-12-05 00:04:28,789 [INFO] IPUIPlugin:80 - create IPUIPlugin
2025-12-05 00:04:28,789 [INFO] IPUIPlugin:80 - create IPUIPlugin
2025-12-05 00:04:28,789 [INFO] IPUIPlugin:80 - create IPUIPlugin
2025-12-05 00:04:28,790 [INFO] IPUIPlugin:80 - create IPUIPlugin
2025-12-05 00:04:28,790 [INFO] IPUIPlugin:80 - create IPUIPlugin
2025-12-05 00:04:28,790 [INFO] IPUIPlugin:80 - create IPUIPlugin
2025-12-05 00:04:28,790 [INFO] IPUIPlugin:80 - create IPUIPlugin
2025-12-05 00:04:28,791 [INFO] IPUIPlugin:80 - create IPUIPlugin
2025-12-05 00:04:28,791 [INFO] IPUIPlugin:80 - create IPUIPlugin
2025-12-05 00:04:28,791 [INFO] IPUIPlugin:80 - create IPUIPlugin
2025-12-05 00:04:28,792 [INFO] IPUIPlugin:80 - create IPUIPlugin
2025-12-05 00:04:28,792 [INFO] IPUIPlugin:80 - create IPUIPlugin
2025-12-05 00:04:28,792 [INFO] IPUIPlugin:80 - create IPUIPlugin
2025-12-05 00:04:28,793 [INFO] IPUIPlugin:80 - create IPUIPlugin
2025-12-05 00:04:28,793 [INFO] IPUIPlugin:80 - create IPUIPlugin
2025-12-05 00:04:28,793 [INFO] IPUIPlugin:80 - create IPUIPlugin
2025-12-05 00:04:28,793 [INFO] IPUIPlugin:80 - create IPUIPlugin
2025-12-05 00:04:28,794 [INFO] IPUIPlugin:80 - create IPUIPlugin
2025-12-05 00:04:28,794 [INFO] IPUIPlugin:80 - create IPUIPlugin
2025-12-05 00:04:28,795 [INFO] IPUIPlugin:80 - create IPUIPlugin
2025-12-05 00:04:28,795 [INFO] IPUIPlugin:80 - create IPUIPlugin
2025-12-05 00:04:28,796 [INFO] IPUIPlugin:80 - create IPUIPlugin
2025-12-05 00:04:28,796 [INFO] IPUIPlugin:80 - create IPUIPlugin
2025-12-05 00:04:28,797 [INFO] IPUIPlugin:80 - create IPUIPlugin
2025-12-05 00:04:28,797 [INFO] IPUIPlugin:80 - create IPUIPlugin
2025-12-05 00:04:28,797 [INFO] IPUIPlugin:80 - create IPUIPlugin
2025-12-05 00:04:28,798 [INFO] IPUIPlugin:80 - create IPUIPlugin
2025-12-05 00:04:28,798 [INFO] IPUIPlugin:80 - create IPUIPlugin
2025-12-05 00:04:28,799 [INFO] IPUIPlugin:80 - create IPUIPlugin
2025-12-05 00:04:28,799 [INFO] IPUIPlugin:80 - create IPUIPlugin
2025-12-05 00:04:28,799 [INFO] IPUIPlugin:80 - create IPUIPlugin
2025-12-05 00:04:28,800 [INFO] IPUIPlugin:80 - create IPUIPlugin
2025-12-05 00:04:28,800 [INFO] IPUIPlugin:80 - create IPUIPlugin
2025-12-05 00:04:28,801 [INFO] IPUIPlugin:80 - create IPUIPlugin
2025-12-05 00:04:28,801 [INFO] IPUIPlugin:80 - create IPUIPlugin
2025-12-05 00:04:28,802 [INFO] IPUIPlugin:80 - create IPUIPlugin
2025-12-05 00:04:28,802 [INFO] IPUIPlugin:80 - create IPUIPlugin
2025-12-05 00:04:28,803 [INFO] IPUIPlugin:80 - create IPUIPlugin
2025-12-05 00:04:28,803 [INFO] IPUIPlugin:80 - create IPUIPlugin
2025-12-05 00:04:28,804 [INFO] IPUIPlugin:80 - create IPUIPlugin
2025-12-05 00:04:28,804 [INFO] IPUIPlugin:80 - create IPUIPlugin
2025-12-05 00:04:28,805 [INFO] IPUIPlugin:80 - create IPUIPlugin
2025-12-05 00:04:28,806 [INFO] IPUIPlugin:80 - create IPUIPlugin
2025-12-05 00:04:28,806 [INFO] IPUIPlugin:80 - create IPUIPlugin
2025-12-05 00:04:28,807 [INFO] IPUIPlugin:80 - create IPUIPlugin
2025-12-05 00:04:28,843 [INFO] ApiDbMcu:508 - Load IP Config File for PDM2PCM
2025-12-05 00:04:28,845 [WARN] IP:2251 - I2C_Coeff_DF not found: check if there is a RefParameter without a condition.
2025-12-05 00:04:28,845 [WARN] IP:2251 - Analog_Filter not found: check if there is a RefParameter without a condition.
2025-12-05 00:04:28,848 [INFO] I2sManager:658 - 9.6E7
2025-12-05 00:04:28,849 [INFO] I2sManager:195 - I2S Clock Value : 9.6E7
2025-12-05 00:04:28,849 [INFO] I2sManager:553 - AudioClock : 93750Divider : 2Odd : 0
2025-12-05 00:04:28,948 [INFO] CADModel:165 - CPN selected for project levelSTM32F407VGT6
2025-12-05 00:04:28,949 [INFO] CADModel:114 - Register for checkConnection events
2025-12-05 00:04:29,002 [INFO] OpenFileManager:363 - Restore cursor
2025-12-05 00:04:29,258 [WARN] IP:2251 - I2C_Coeff_DF not found: check if there is a RefParameter without a condition.
2025-12-05 00:04:29,258 [WARN] IP:2251 - Analog_Filter not found: check if there is a RefParameter without a condition.
2025-12-05 00:04:29,259 [WARN] IP:2251 - I2C_Coeff_DF not found: check if there is a RefParameter without a condition.
2025-12-05 00:04:29,259 [WARN] IP:2251 - Analog_Filter not found: check if there is a RefParameter without a condition.
2025-12-05 00:04:29,569 [INFO] UtilMem:75 - End SaveConfig() Used Memory: 879847080 Bytes (1073741824)
2025-12-05 00:04:29,654 [ERROR] ConfigurationRetriever:142 - IOException on connection: sw-center.st.com
2025-12-05 00:04:29,656 [ERROR] ConfigurationRetriever:142 - IOException on connection: sw-center.st.com
2025-12-05 00:04:29,657 [ERROR] ConfigurationRetriever:142 - IOException on connection: sw-center.st.com
2025-12-05 00:04:29,706 [INFO] UtilMem:75 - End SaveConfig() Used Memory: 902347320 Bytes (1073741824)
2025-12-05 00:04:29,820 [ERROR] AdobePublisher:162 - Exception while opening the connection: java.net.UnknownHostException: stmicroelectronics.d3.sc.omtrdc.net
2025-12-05 00:04:29,821 [ERROR] AdobePublisher:162 - Exception while opening the connection: java.net.UnknownHostException: stmicroelectronics.d3.sc.omtrdc.net
2025-12-05 00:04:29,822 [ERROR] AdobePublisher:162 - Exception while opening the connection: java.net.UnknownHostException: stmicroelectronics.d3.sc.omtrdc.net
2025-12-05 00:04:29,822 [ERROR] AdobePublisher:162 - Exception while opening the connection: java.net.UnknownHostException: stmicroelectronics.d3.sc.omtrdc.net
2025-12-05 00:04:29,823 [ERROR] AdobePublisher:162 - Exception while opening the connection: java.net.UnknownHostException: stmicroelectronics.d3.sc.omtrdc.net
2025-12-05 00:04:29,900 [INFO] BlockDiagram:2766 - set Specific Code input for plugin: SPI
2025-12-05 00:04:29,900 [INFO] BlockDiagram:2766 - set Specific Code input for plugin: I2S
2025-12-05 00:04:29,900 [INFO] BlockDiagram:2766 - set Specific Code input for plugin: SYS
2025-12-05 00:04:29,900 [INFO] BlockDiagram:2766 - set Specific Code input for plugin: RCC
2025-12-05 00:04:29,900 [INFO] BlockDiagram:2766 - set Specific Code input for plugin: I2C
2025-12-05 00:04:29,900 [INFO] BlockDiagram:2766 - set Specific Code input for plugin: USB_OTG_FS
2025-12-05 00:04:29,900 [INFO] BlockDiagram:2766 - set Specific Code input for plugin: NVIC
2025-12-05 00:04:29,900 [INFO] BlockDiagram:2766 - set Specific Code input for plugin: USB_HOST
2025-12-05 00:04:29,901 [INFO] BlockDiagram:2766 - set Specific Code input for plugin: GPIO
2025-12-05 00:04:29,903 [INFO] CodeGenerator:896 - code generatio: config db path: C:\ST\STM32CubeIDE_1.17.0\STM32CubeIDE\plugins\com.st.stm32cube.common.mx_6.13.0.202411220809\\db\
2025-12-05 00:04:29,906 [WARN] IP:2251 - I2C_Coeff_DF not found: check if there is a RefParameter without a condition.
2025-12-05 00:04:29,906 [WARN] IP:2251 - Analog_Filter not found: check if there is a RefParameter without a condition.
2025-12-05 00:04:30,092 [INFO] CodeEngine:255 - oldGeneratedFile, C:\STM32_HAL\003_LEDControl_PushButton\MXTmpFiles\license.tmp_save
2025-12-05 00:04:30,386 [INFO] CodeEngine:279 - Generated code: C:\STM32_HAL\003_LEDControl_PushButton\MXTmpFiles\license.tmp
2025-12-05 00:04:30,498 [INFO] CodeEngine:255 - oldGeneratedFile, C:\STM32_HAL\003_LEDControl_PushButton\MXTmpFiles\gpio.tmp_save
2025-12-05 00:04:30,686 [INFO] CodeEngine:279 - Generated code: C:\STM32_HAL\003_LEDControl_PushButton\MXTmpFiles\gpio.tmp
2025-12-05 00:04:30,798 [WARN] IPConfigManager:3034 - Warning: the RefConfig PWREx_EnableUSBVoltageDetector is not available in your config.xml file
2025-12-05 00:04:30,823 [INFO] CodeEngine:255 - oldGeneratedFile, C:\STM32_HAL\003_LEDControl_PushButton\MXTmpFiles\usb_otg_fs_vars.tmp_save
2025-12-05 00:04:30,975 [INFO] CodeEngine:279 - Generated code: C:\STM32_HAL\003_LEDControl_PushButton\MXTmpFiles\usb_otg_fs_vars.tmp
2025-12-05 00:04:30,982 [INFO] CodeEngine:255 - oldGeneratedFile, C:\STM32_HAL\003_LEDControl_PushButton\MXTmpFiles\usb_otg_fs_inc.tmp_save
2025-12-05 00:04:31,085 [INFO] CodeEngine:279 - Generated code: C:\STM32_HAL\003_LEDControl_PushButton\MXTmpFiles\usb_otg_fs_inc.tmp
2025-12-05 00:04:31,115 [INFO] CodeEngine:255 - oldGeneratedFile, C:\STM32_HAL\003_LEDControl_PushButton\MXTmpFiles\usb_otg_fs_HalInit.tmp_save
2025-12-05 00:04:31,255 [INFO] CodeEngine:279 - Generated code: C:\STM32_HAL\003_LEDControl_PushButton\MXTmpFiles\usb_otg_fs_HalInit.tmp
2025-12-05 00:04:31,275 [INFO] CodeEngine:255 - oldGeneratedFile, C:\STM32_HAL\003_LEDControl_PushButton\MXTmpFiles\usb_otg_fs_Msp.tmp_save
2025-12-05 00:04:31,410 [INFO] CodeEngine:279 - Generated code: C:\STM32_HAL\003_LEDControl_PushButton\MXTmpFiles\usb_otg_fs_Msp.tmp
2025-12-05 00:04:31,798 [INFO] CodeEngine:255 - oldGeneratedFile, C:\STM32_HAL\003_LEDControl_PushButton\USB_HOST\App\usb_host.c_save
2025-12-05 00:04:31,944 [INFO] CodeEngine:279 - Generated code: C:\STM32_HAL\003_LEDControl_PushButton\USB_HOST\App\usb_host.c
2025-12-05 00:04:31,967 [INFO] CodeEngine:255 - oldGeneratedFile, C:\STM32_HAL\003_LEDControl_PushButton\USB_HOST\App\usb_host.h_save
2025-12-05 00:04:32,080 [INFO] CodeEngine:279 - Generated code: C:\STM32_HAL\003_LEDControl_PushButton\USB_HOST\App\usb_host.h
2025-12-05 00:04:32,088 [INFO] CodeEngine:255 - oldGeneratedFile, C:\STM32_HAL\003_LEDControl_PushButton\USB_HOST\Target\usbh_conf.h_save
2025-12-05 00:04:32,189 [INFO] CodeEngine:279 - Generated code: C:\STM32_HAL\003_LEDControl_PushButton\USB_HOST\Target\usbh_conf.h
2025-12-05 00:04:32,216 [INFO] CodeEngine:255 - oldGeneratedFile, C:\STM32_HAL\003_LEDControl_PushButton\USB_HOST\Target\usbh_conf.c_save
2025-12-05 00:04:32,409 [INFO] CodeEngine:279 - Generated code: C:\STM32_HAL\003_LEDControl_PushButton\USB_HOST\Target\usbh_conf.c
2025-12-05 00:04:32,491 [INFO] CodeEngine:255 - oldGeneratedFile, C:\STM32_HAL\003_LEDControl_PushButton\USB_HOST\Target\usbh_platform.c_save
2025-12-05 00:04:32,585 [INFO] CodeEngine:279 - Generated code: C:\STM32_HAL\003_LEDControl_PushButton\USB_HOST\Target\usbh_platform.c
2025-12-05 00:04:32,591 [INFO] CodeEngine:255 - oldGeneratedFile, C:\STM32_HAL\003_LEDControl_PushButton\USB_HOST\Target\usbh_platform.h_save
2025-12-05 00:04:32,676 [INFO] CodeEngine:279 - Generated code: C:\STM32_HAL\003_LEDControl_PushButton\USB_HOST\Target\usbh_platform.h
2025-12-05 00:04:32,718 [INFO] CodeEngine:255 - oldGeneratedFile, C:\STM32_HAL\003_LEDControl_PushButton\Core\Src\stm32f4xx_it.c_save
2025-12-05 00:04:32,894 [INFO] CodeEngine:279 - Generated code: C:\STM32_HAL\003_LEDControl_PushButton\Core\Src\stm32f4xx_it.c
2025-12-05 00:04:32,899 [INFO] CodeEngine:255 - oldGeneratedFile, C:\STM32_HAL\003_LEDControl_PushButton\Core\Inc\stm32f4xx_it.h_save
2025-12-05 00:04:32,972 [INFO] CodeEngine:279 - Generated code: C:\STM32_HAL\003_LEDControl_PushButton\Core\Inc\stm32f4xx_it.h
2025-12-05 00:04:32,999 [INFO] CodeEngine:255 - oldGeneratedFile, C:\STM32_HAL\003_LEDControl_PushButton\Core\Src\stm32f4xx_hal_msp.c_save
2025-12-05 00:04:33,118 [INFO] CodeEngine:279 - Generated code: C:\STM32_HAL\003_LEDControl_PushButton\Core\Src\stm32f4xx_hal_msp.c
2025-12-05 00:04:33,130 [INFO] CodeEngine:255 - oldGeneratedFile, C:\STM32_HAL\003_LEDControl_PushButton\MXTmpFiles\system.tmp_save
2025-12-05 00:04:33,191 [INFO] CodeEngine:279 - Generated code: C:\STM32_HAL\003_LEDControl_PushButton\MXTmpFiles\system.tmp
2025-12-05 00:04:33,216 [INFO] CodeEngine:311 - oldGeneratedFile, C:\STM32_HAL\003_LEDControl_PushButton\Core\Inc\stm32f4xx_hal_conf.h_save
2025-12-05 00:04:33,328 [INFO] CodeEngine:335 - Generated code: C:\STM32_HAL\003_LEDControl_PushButton\Core\Inc\stm32f4xx_hal_conf.h
2025-12-05 00:04:33,370 [INFO] ApiDbMcu:508 - Load IP Config File for I2C1
2025-12-05 00:04:33,373 [INFO] ApiDbMcu:508 - Load IP Config File for I2S3
2025-12-05 00:04:33,376 [INFO] ApiDbMcu:508 - Load IP Config File for SPI1
2025-12-05 00:04:33,380 [INFO] ApiDbMcu:508 - Load IP Config File for RCC
2025-12-05 00:04:33,416 [INFO] CodeEngine:255 - oldGeneratedFile, C:\STM32_HAL\003_LEDControl_PushButton\Core\Inc\main.h_save
2025-12-05 00:04:33,516 [INFO] CodeEngine:279 - Generated code: C:\STM32_HAL\003_LEDControl_PushButton\Core\Inc\main.h
2025-12-05 00:04:33,532 [INFO] CodeEngine:255 - oldGeneratedFile, C:\STM32_HAL\003_LEDControl_PushButton\Core\Src\main.c_save
2025-12-05 00:04:33,667 [INFO] CodeEngine:279 - Generated code: C:\STM32_HAL\003_LEDControl_PushButton\Core\Src\main.c
2025-12-05 00:04:34,131 [INFO] ProjectBuilder:3289 - Time for Copy HAL[1] : 249mS.
2025-12-05 00:04:34,138 [INFO] ProjectBuilder:4876 - Project Generator version: 4.5.0-RC5
2025-12-05 00:04:34,241 [INFO] ConfigFileManager:1579 - The Die is : DIE413
2025-12-05 00:04:34,258 [INFO] ApiDbMcu:508 - Load IP Config File for FATFS
2025-12-05 00:04:34,283 [INFO] ApiDbMcu:508 - Load IP Config File for FREERTOS
2025-12-05 00:04:34,303 [INFO] ApiDbMcu:508 - Load IP Config File for LIBJPEG
2025-12-05 00:04:34,334 [INFO] ApiDbMcu:508 - Load IP Config File for LWIP
2025-12-05 00:04:34,359 [INFO] ApiDbMcu:508 - Load IP Config File for MBEDTLS
2025-12-05 00:04:34,389 [INFO] ApiDbMcu:508 - Load IP Config File for USB_DEVICE
2025-12-05 00:04:37,957 [INFO] ProjectBuilder:5154 - Time for Generating toolchain IDE Files: 3820mS.
2025-12-05 00:04:37,958 [INFO] ProjectBuilder:3146 - Time for Copy CMSIS : 1mS.
2025-12-05 00:04:37,965 [INFO] ProjectBuilder:3146 - Time for Copy CMSIS : 1mS.
